<?xml version="1.0" encoding="UTF-8"?>
<!-- Generated by org.testng.reporters.JUnitXMLReporter -->
<testsuite hostname="Seif-PC" ignored="4" name="Default test" tests="2" failures="0" timestamp="05 May 2018 13:55:02 GMT" time="62.775" errors="0">
  <testcase name="addListAndCard" time="5.591" classname="test.Trello"/>
  <testcase name="ArchieveList" time="2.452" classname="test.Trello"/>
  <testcase name="createBoard" time="0.0" classname="test.Trello">
    <ignored/>
  </testcase> <!-- createBoard -->
  <testcase name="deleteBoard" time="0.0" classname="test.Trello">
    <ignored/>
  </testcase> <!-- deleteBoard -->
  <testcase name="addTeam" time="0.0" classname="test.Trello">
    <ignored/>
  </testcase> <!-- addTeam -->
  <testcase name="deleteTeam" time="0.0" classname="test.Trello">
    <ignored/>
  </testcase> <!-- deleteTeam -->
</testsuite> <!-- Default test -->
